[ 2017-07-25T11:32:58+08:00 ] 127.0.0.1 /index.php?m=Admin&c=Index&a=add
ERR: 无法加载控制器:Index

[ 2017-07-25T11:36:47+08:00 ] 127.0.0.1 /index.php?m=Admin&c=User&a=addd
INFO: [ app_init ] --START--
INFO: Run Behavior\BuildLiteBehavior [ RunTime:0.000000s ]
INFO: [ app_init ] --END-- [ RunTime:0.005000s ]
INFO: [ app_begin ] --START--
INFO: Run Behavior\ReadHtmlCacheBehavior [ RunTime:0.001000s ]
INFO: [ app_begin ] --END-- [ RunTime:0.001000s ]
ERR: 非法操作:addd

[ 2017-07-25T11:37:04+08:00 ] 127.0.0.1 /index.php?m=Admin&c=User&a=addd
ERR: 非法操作:addd

[ 2017-07-25T11:37:11+08:00 ] 127.0.0.1 /index.php?m=Admin&c=User&a=addd
INFO: [ app_init ] --START--
INFO: Run Behavior\BuildLiteBehavior [ RunTime:0.000000s ]
INFO: [ app_init ] --END-- [ RunTime:0.000000s ]
INFO: [ app_begin ] --START--
INFO: Run Behavior\ReadHtmlCacheBehavior [ RunTime:0.001000s ]
INFO: [ app_begin ] --END-- [ RunTime:0.001000s ]
ERR: 非法操作:addd

[ 2017-07-25T11:44:40+08:00 ] 127.0.0.1 /index.php?m=Admin&c=User&a=add
INFO: [ app_init ] --START--
INFO: Run Behavior\BuildLiteBehavior [ RunTime:0.001000s ]
INFO: [ app_init ] --END-- [ RunTime:0.002000s ]
INFO: [ app_begin ] --START--
INFO: Run Behavior\ReadHtmlCacheBehavior [ RunTime:0.000000s ]
INFO: [ app_begin ] --END-- [ RunTime:0.000000s ]
INFO: [ app_end ] --START--
INFO: Run Behavior\ShowPageTraceBehavior [ RunTime:0.000000s ]
INFO: [ app_end ] --END-- [ RunTime:0.000000s ]

